- Installing CocoaPods...
✔ Installed CocoaPods
› Skipping dev server
› Planning build
› Executing react-native Pods/hermes-engine » [CP-User] [Hermes] Replace Hermes for the right configuration, if needed
› Executing react-native Pods/ReactNativeDependencies » [CP-User] [RNDeps] Replace React Native Dependencies for the right configuration, if needed
› Copying   expo-image ../Library/Developer/Xcode/DerivedData/MyFinances-fchdrnexyqwqjpavehatfilnxlrs/Build/Products/Debug-iphonesimulator/SDWebImage/SDWebImage.bundle/PrivacyInfo.xcprivacy ➜ ios/Pods/SDWebImage/WebImage/PrivacyInfo.xcprivacy
› Preparing expo-image Pods/SDWebImage-SDWebImage » ResourceBundle-SDWebImage-SDWebImage-Info.plist
› Copying   ../Library/Developer/Xcode/DerivedData/MyFinances-fchdrnexyqwqjpavehatfilnxlrs/Build/Products/Debug-iphonesimulator/React-cxxreact/React-cxxreact_privacy.bundle/PrivacyInfo.xcprivacy ➜ node_modules/react-native/ReactCommon/cxxreact/PrivacyInfo.xcprivacy
› Preparing Pods/React-cxxreact-React-cxxreact_privacy » ResourceBundle-React-cxxreact_privacy-React-cxxreact-Info.plist
› Preparing Pods/React-Core-React-Core_privacy » ResourceBundle-React-Core_privacy-React-Core-Info.plist
› Copying   ../Library/Developer/Xcode/DerivedData/MyFinances-fchdrnexyqwqjpavehatfilnxlrs/Build/Products/Debug-iphonesimulator/React-Core/React-Core_privacy.bundle/PrivacyInfo.xcprivacy ➜ node_modules/react-native/React/Resources/PrivacyInfo.xcprivacy
› Preparing Pods/ExpoSystemUI-ExpoSystemUI_privacy » ResourceBundle-ExpoSystemUI_privacy-ExpoSystemUI-Info.plist
› Copying   ../Library/Developer/Xcode/DerivedData/MyFinances-fchdrnexyqwqjpavehatfilnxlrs/Build/Products/Debug-iphonesimulator/ExpoSystemUI/ExpoSystemUI_privacy.bundle/PrivacyInfo.xcprivacy ➜ node_modules/expo-system-ui/ios/PrivacyInfo.xcprivacy
› Preparing Pods/ExpoFileSystem-ExpoFileSystem_privacy » ResourceBundle-ExpoFileSystem_privacy-ExpoFileSystem-Info.plist
› Copying   ../Library/Developer/Xcode/DerivedData/MyFinances-fchdrnexyqwqjpavehatfilnxlrs/Build/Products/Debug-iphonesimulator/ExpoFileSystem/ExpoFileSystem_privacy.bundle/PrivacyInfo.xcprivacy ➜ node_modules/expo-file-system/ios/PrivacyInfo.xcprivacy
› Preparing Pods/ExpoDevice-ExpoDevice_privacy » ResourceBundle-ExpoDevice_privacy-ExpoDevice-Info.plist
› Copying   ../Library/Developer/Xcode/DerivedData/MyFinances-fchdrnexyqwqjpavehatfilnxlrs/Build/Products/Debug-iphonesimulator/ExpoDevice/ExpoDevice_privacy.bundle/PrivacyInfo.xcprivacy ➜ node_modules/expo-device/ios/PrivacyInfo.xcprivacy
› Preparing Pods/EXConstants-ExpoConstants_privacy » ResourceBundle-ExpoConstants_privacy-EXConstants-Info.plist
› Copying   ../Library/Developer/Xcode/DerivedData/MyFinances-fchdrnexyqwqjpavehatfilnxlrs/Build/Products/Debug-iphonesimulator/EXConstants/ExpoConstants_privacy.bundle/PrivacyInfo.xcprivacy ➜ node_modules/expo-constants/ios/PrivacyInfo.xcprivacy
› Executing react-native Pods/ReactNativeDependencies » [CP] Copy XCFrameworks
› Preparing expo-constants Pods/EXConstants-EXConstants » ResourceBundle-EXConstants-EXConstants-Info.plist
› Creating  expo-image Pods/SDWebImage-SDWebImage » SDWebImage.bundle
› Creating  Pods/React-cxxreact-React-cxxreact_privacy » React-cxxreact_privacy.bundle
› Creating  Pods/React-Core-React-Core_privacy » React-Core_privacy.bundle
› Creating  Pods/ExpoFileSystem-ExpoFileSystem_privacy » ExpoFileSystem_privacy.bundle
› Creating  Pods/ExpoSystemUI-ExpoSystemUI_privacy » ExpoSystemUI_privacy.bundle
› Creating  Pods/ExpoDevice-ExpoDevice_privacy » ExpoDevice_privacy.bundle
› Executing react-native Pods/hermes-engine » [CP] Copy XCFrameworks
› Creating  Pods/EXConstants-ExpoConstants_privacy » ExpoConstants_privacy.bundle
› Creating  expo-constants Pods/EXConstants-EXConstants » EXConstants.bundle
› Compiling expo-image Pods/libwebp » sharpyuv_csp.c
› Compiling expo-image Pods/libdav1d » cpu.c
› Compiling expo-image Pods/libwebp » yuv_sse41.c
› Compiling expo-image Pods/libwebp » yuv_sse2.c
› Compiling expo-image Pods/libwebp » yuv_mips_dsp_r2.c
› Compiling expo-image Pods/libwebp » yuv_mips32.c
› Compiling expo-image Pods/libwebp » upsampling_sse41.c
› Compiling expo-image Pods/libwebp » upsampling_sse2.c
› Compiling expo-image Pods/libwebp » upsampling_msa.c
› Compiling expo-image Pods/libwebp » upsampling_mips_dsp_r2.c
› Compiling expo-image Pods/libwebp » upsampling.c
› Compiling expo-image Pods/libwebp » tree_enc.c
› Compiling expo-image Pods/libwebp » tree_dec.c
› Compiling expo-image Pods/libwebp » thread_utils.c
› Compiling expo-image Pods/libwebp » syntax_enc.c
› Compiling expo-image Pods/libwebp » ssim_sse2.c
› Compiling expo-image Pods/libwebp » sharpyuv_sse2.c
› Compiling expo-image Pods/libwebp » sharpyuv_gamma.c
› Compiling expo-image Pods/libwebp » sharpyuv_cpu.c
› Compiling expo-image Pods/libwebp » rescaler_sse2.c
› Compiling expo-image Pods/libwebp » rescaler_msa.c
› Compiling expo-image Pods/libwebp » rescaler_mips_dsp_r2.c
› Compiling expo-image Pods/libwebp » rescaler_mips32.c
› Compiling expo-image Pods/libwebp » rescaler.c
› Compiling expo-image Pods/libwebp » random_utils.c
› Compiling expo-image Pods/libwebp » quant_levels_dec_utils.c
› Compiling expo-image Pods/libwebp » quant_dec.c
› Compiling expo-image Pods/libwebp » picture_tools_enc.c
› Compiling expo-image Pods/libwebp » lossless_sse41.c
› Compiling expo-image Pods/libwebp » lossless_sse2.c
› Compiling expo-image Pods/libwebp » lossless_msa.c
› Compiling expo-image Pods/libwebp » lossless_mips_dsp_r2.c
› Compiling expo-image Pods/libwebp » lossless_enc_sse41.c
› Compiling expo-image Pods/libwebp » lossless_enc_sse2.c
› Compiling expo-image Pods/libwebp » lossless_enc_msa.c
› Compiling expo-image Pods/libwebp » lossless_enc_mips_dsp_r2.c
› Compiling expo-image Pods/libwebp » iterator_enc.c
› Compiling expo-image Pods/libwebp » filters_sse2.c
› Compiling expo-image Pods/libwebp » filters_msa.c
› Compiling expo-image Pods/libwebp » filters_mips_dsp_r2.c
› Compiling expo-image Pods/libwebp » filter_enc.c
› Compiling expo-image Pods/libwebp » enc_sse41.c
› Compiling expo-image Pods/libwebp » enc_sse2.c
› Compiling expo-image Pods/libwebp » enc_msa.c
› Compiling expo-image Pods/libwebp » enc_mips_dsp_r2.c
› Compiling expo-image Pods/libwebp » enc_mips32.c
› Compiling expo-image Pods/libwebp » dec_sse41.c
› Compiling expo-image Pods/libwebp » dec_sse2.c
› Compiling expo-image Pods/libwebp » dec_msa.c
› Compiling expo-image Pods/libwebp » dec_mips_dsp_r2.c
› Compiling expo-image Pods/libwebp » dec_mips32.c
› Compiling expo-image Pods/libwebp » dec_clip_tables.c
› Compiling expo-image Pods/libwebp » dec.c
› Compiling expo-image Pods/libwebp » cpu.c
› Compiling expo-image Pods/libwebp » cost_sse2.c
› Compiling expo-image Pods/libwebp » cost_mips_dsp_r2.c
› Compiling expo-image Pods/libwebp » cost_mips32.c
› Compiling expo-image Pods/libwebp » config_enc.c
› Compiling expo-image Pods/libwebp » bit_reader_utils.c
› Compiling expo-image Pods/libwebp » anim_decode.c
› Compiling expo-image Pods/libwebp » alpha_processing_sse41.c
› Compiling expo-image Pods/libwebp » alpha_processing_sse2.c
› Compiling expo-image Pods/libwebp » alpha_processing_mips_dsp_r2.c
› Compiling expo-image Pods/libwebp » alpha_processing.c
› Compiling expo-image Pods/libdav1d » wedge.c
› Compiling expo-image Pods/libdav1d » tables.c
› Compiling expo-image Pods/libdav1d » scan.c
› Compiling expo-image Pods/libdav1d » qm.c
› Compiling expo-image Pods/libdav1d » lf_mask.c
› Compiling expo-image Pods/libdav1d » itx_tmpl_16.c
› Compiling expo-image Pods/libdav1d » itx_tmpl.c
› Compiling expo-image Pods/libdav1d » itx_1d.c
› Compiling expo-image Pods/libdav1d » getbits.c
› Compiling expo-image Pods/libdav1d » filmgrain_tmpl_16.c
› Compiling expo-image Pods/libdav1d » filmgrain_tmpl.c
› Compiling expo-image Pods/libdav1d » dequant_tables.c
› Compiling expo-image Pods/libwebp » yuv.c
› Compiling expo-image Pods/libwebp » webp_enc.c
› Compiling expo-image Pods/libwebp » webp_dec.c
› Compiling expo-image Pods/libwebp » vp8l_enc.c
› Compiling expo-image Pods/libwebp » vp8l_dec.c
› Compiling expo-image Pods/libwebp » vp8_dec.c
› Compiling expo-image Pods/libwebp » yuv_neon.c
› Compiling expo-image Pods/libwebp » utils.c
› Compiling expo-image Pods/libwebp » upsampling_neon.c
› Compiling expo-image Pods/libwebp » token_enc.c
› Compiling expo-image Pods/libwebp » ssim.c
› Compiling expo-image Pods/libwebp » sharpyuv_neon.c
› Compiling expo-image Pods/libwebp » sharpyuv_dsp.c
› Compiling expo-image Pods/libwebp » sharpyuv.c
› Compiling expo-image Pods/libwebp » rescaler_utils.c
› Compiling expo-image Pods/libwebp » rescaler_neon.c
› Compiling expo-image Pods/libwebp » quant_levels_utils.c
› Compiling expo-image Pods/libwebp » quant_enc.c
› Compiling expo-image Pods/libwebp » predictor_enc.c
› Compiling expo-image Pods/libwebp » picture_rescale_enc.c
› Compiling expo-image Pods/libwebp » picture_psnr_enc.c
› Compiling expo-image Pods/libwebp » picture_enc.c
› Compiling expo-image Pods/libwebp » picture_csp_enc.c
› Compiling expo-image Pods/libwebp » palette.c
› Compiling expo-image Pods/libwebp » near_lossless_enc.c
› Compiling expo-image Pods/libwebp » muxread.c
› Compiling expo-image Pods/libwebp » muxinternal.c
› Compiling expo-image Pods/libwebp » muxedit.c
› Compiling expo-image Pods/libwebp » lossless_neon.c
› Compiling expo-image Pods/libwebp » lossless_enc_neon.c
› Compiling expo-image Pods/libwebp » lossless_enc_mips32.c
› Compiling expo-image Pods/libwebp » lossless_enc.c
› Compiling expo-image Pods/libwebp » lossless.c
› Compiling expo-image Pods/libwebp » io_dec.c
› Compiling expo-image Pods/libwebp » idec_dec.c
› Compiling expo-image Pods/libwebp » huffman_utils.c
› Compiling expo-image Pods/libwebp » huffman_encode_utils.c
› Compiling expo-image Pods/libwebp » histogram_enc.c
› Compiling expo-image Pods/libwebp » frame_enc.c
› Compiling expo-image Pods/libwebp » frame_dec.c
› Compiling expo-image Pods/libwebp » filters_utils.c
› Compiling expo-image Pods/libwebp » filters_neon.c
› Compiling expo-image Pods/libwebp » filters.c
› Compiling expo-image Pods/libwebp » enc_neon.c
› Compiling expo-image Pods/libwebp » enc.c
› Compiling expo-image Pods/libwebp » demux.c
› Compiling expo-image Pods/libwebp » dec_neon.c
› Compiling expo-image Pods/libwebp » cost_neon.c
› Compiling expo-image Pods/libwebp » cost_enc.c
› Compiling expo-image Pods/libwebp » cost.c
› Compiling expo-image Pods/libwebp » color_cache_utils.c
› Compiling expo-image Pods/libwebp » buffer_dec.c
› Compiling expo-image Pods/libwebp » bit_writer_utils.c
› Compiling expo-image Pods/libwebp » backward_references_enc.c
› Compiling expo-image Pods/libwebp » backward_references_cost_enc.c
› Compiling expo-image Pods/libwebp » anim_encode.c
› Compiling expo-image Pods/libwebp » analysis_enc.c
› Compiling expo-image Pods/libwebp » alpha_processing_neon.c
› Compiling expo-image Pods/libwebp » alpha_enc.c
› Compiling expo-image Pods/libwebp » alpha_dec.c
› Compiling expo-image Pods/libdav1d » warpmv.c
› Compiling expo-image Pods/libdav1d » thread_task.c
› Compiling expo-image Pods/libdav1d » refmvs.c
› Compiling expo-image Pods/libdav1d » ref.c
› Compiling expo-image Pods/libdav1d » recon_tmpl_16.c
› Compiling expo-image Pods/libdav1d » recon_tmpl.c
› Compiling expo-image Pods/libdav1d » picture.c
› Compiling expo-image Pods/libdav1d » obu.c
› Compiling expo-image Pods/libdav1d » msac.c
› Compiling expo-image Pods/libdav1d » mem.c
› Compiling expo-image Pods/libdav1d » mc_tmpl_16.c
› Compiling expo-image Pods/libdav1d » mc_tmpl.c
› Compiling expo-image Pods/libdav1d » lr_apply_tmpl_16.c
› Compiling expo-image Pods/libdav1d » lr_apply_tmpl.c
› Compiling expo-image Pods/libdav1d » looprestoration_tmpl_16.c
› Compiling expo-image Pods/libdav1d » looprestoration_tmpl.c
› Compiling expo-image Pods/libdav1d » loopfilter_tmpl_16.c
› Compiling expo-image Pods/libdav1d » loopfilter_tmpl.c
› Compiling expo-image Pods/libdav1d » log.c
› Compiling expo-image Pods/libdav1d » lib.c
› Compiling expo-image Pods/libdav1d » lf_apply_tmpl_16.c
› Compiling expo-image Pods/libdav1d » lf_apply_tmpl.c
› Compiling expo-image Pods/libdav1d » ipred_tmpl_16.c
› Compiling expo-image Pods/libdav1d » ipred_tmpl.c
› Compiling expo-image Pods/libdav1d » ipred_prepare_tmpl_16.c
› Compiling expo-image Pods/libdav1d » ipred_prepare_tmpl.c
› Compiling expo-image Pods/libdav1d » intra_edge.c
› Compiling expo-image Pods/libdav1d » fg_apply_tmpl_16.c
› Compiling expo-image Pods/libdav1d » fg_apply_tmpl.c
› Compiling expo-image Pods/libdav1d » data.c
› Compiling expo-image Pods/libdav1d » cdf.c
› Compiling expo-image Pods/libdav1d » cdef_tmpl_16.c
› Compiling expo-image Pods/libdav1d » cdef_tmpl.c
› Compiling expo-image Pods/libdav1d » cdef_apply_tmpl_16.c
› Compiling expo-image Pods/libdav1d » cdef_apply_tmpl.c
› Compiling expo-image Pods/libdav1d » decode.c
› Compiling Pods/libavif » write.c
› Compiling Pods/libavif » utils.c
› Compiling Pods/libavif » scale.c
› Compiling Pods/libavif » reformat_libyuv.c
› Compiling Pods/libavif » reformat_libsharpyuv.c
› Compiling Pods/libavif » rawdata.c
› Compiling Pods/libavif » obu.c
› Compiling Pods/libavif » io.c
› Compiling Pods/libavif » exif.c
› Compiling Pods/libavif » diag.c
› Compiling Pods/libavif » colr.c
› Compiling Pods/libavif » codec_dav1d.c
› Compiling Pods/libavif » avif.c
› Compiling Pods/libavif » alpha.c
› Compiling expo-image Pods/libdav1d » cpu.c
› Compiling Pods/libavif » reformat.c
› Compiling Pods/libavif » mem.c
› Compiling Pods/libavif » stream.c
› Compiling Pods/libavif » read.c
› Compiling expo-image Pods/libwebp » libwebp-dummy.m
› Compiling expo-image Pods/libdav1d » libdav1d-dummy.m
› Packaging expo-image Pods/libwebp » liblibwebp.a
› Packaging expo-image Pods/libdav1d » liblibdav1d.a
› Compiling expo-image Pods/SDWebImageSVGCoder » SDWebImageSVGCoder-dummy.m
› Compiling expo-image Pods/SDWebImageSVGCoder » SDWebImageSVGCoderDefine.m
› Compiling expo-image Pods/SDWebImageSVGCoder » SDImageSVGCoder.m
› Compiling Pods/libavif » libavif-dummy.m
› Compiling expo-image Pods/SDWebImageAVIFCoder » SDWebImageAVIFCoder-dummy.m
› Compiling expo-image Pods/SDWebImage » UIView+WebCacheState.m
› Compiling expo-image Pods/SDWebImage » UIView+WebCacheOperation.m
› Compiling expo-image Pods/SDWebImage » UIImageView+WebCache.m
› Compiling expo-image Pods/SDWebImage » UIView+WebCache.m
› Compiling expo-image Pods/SDWebImageWebPCoder » UIImage+WebP.m
› Compiling expo-image Pods/SDWebImageWebPCoder » SDWebImageWebPCoderDefine.m
› Compiling expo-image Pods/SDWebImageWebPCoder » SDWebImageWebPCoder-dummy.m
› Compiling expo-image Pods/SDWebImageWebPCoder » SDImageWebPCoder.m
› Compiling expo-image Pods/SDWebImage » UIImageView+HighlightedWebCache.m
› Compiling expo-image Pods/SDWebImage » UIImage+MultiFormat.m
› Compiling expo-image Pods/SDWebImage » UIImage+Metadata.m
› Compiling expo-image Pods/SDWebImage » UIImage+MemoryCacheCost.m
› Compiling expo-image Pods/SDWebImage » UIImage+GIF.m
› Compiling expo-image Pods/SDWebImage » UIImage+ForceDecode.m
› Compiling expo-image Pods/SDWebImage » UIColor+SDHexString.m
› Compiling expo-image Pods/SDWebImage » UIImage+ExtendedCacheData.m
› Compiling expo-image Pods/SDWebImage » UIButton+WebCache.m
› Compiling expo-image Pods/SDWebImage » SDWebImagePrefetcher.m
› Compiling expo-image Pods/SDWebImage » SDWebImageTransition.m
› Compiling expo-image Pods/SDWebImage » SDWebImageOptionsProcessor.m
› Compiling expo-image Pods/SDWebImage » SDWebImageOperation.m
› Compiling expo-image Pods/SDWebImage » SDWebImageIndicator.m
› Compiling expo-image Pods/SDWebImage » SDWebImageManager.m
› Compiling expo-image Pods/SDWebImage » SDWebImageError.m
› Compiling expo-image Pods/SDWebImage » SDWebImageDownloaderResponseModifier.m
› Compiling expo-image Pods/SDWebImage » SDWebImageDownloaderRequestModifier.m
› Compiling expo-image Pods/SDWebImage » SDWebImageDownloaderOperation.m
› Compiling expo-image Pods/SDWebImage » SDWebImageDownloaderConfig.m
› Compiling expo-image Pods/SDWebImage » SDWebImageDownloaderDecryptor.m
› Compiling expo-image Pods/SDWebImage » SDWebImageDownloader.m
› Compiling expo-image Pods/SDWebImageAVIFCoder » SDImageAVIFCoder.m
› Compiling expo-image Pods/SDWebImageAVIFCoder » Conversion.m
› Compiling expo-image Pods/SDWebImageAVIFCoder » ColorSpace.m
› Compiling expo-image Pods/SDWebImage » UIImage+Transform.m
› Compiling expo-image Pods/SDWebImage » SDWebImageDefine.m
› Compiling expo-image Pods/SDWebImage » SDWebImageCompat.m
› Compiling expo-image Pods/SDWebImage » SDWebImageCacheSerializer.m
› Compiling expo-image Pods/SDWebImage » SDWebImageCacheKeyFilter.m
› Compiling expo-image Pods/SDWebImage » SDWebImage-dummy.m
› Compiling expo-image Pods/SDWebImage » SDWeakProxy.m
› Compiling expo-image Pods/SDWebImage » SDInternalMacros.m
› Compiling expo-image Pods/SDWebImage » SDImageTransformer.m
› Compiling expo-image Pods/SDWebImage » SDMemoryCache.m
› Compiling expo-image Pods/SDWebImage » SDImageLoader.m
› Compiling expo-image Pods/SDWebImage » SDImageLoadersManager.m
› Compiling expo-image Pods/SDWebImage » SDImageHEICCoder.m
› Compiling expo-image Pods/SDWebImage » SDImageGraphics.m
› Compiling expo-image Pods/SDWebImage » SDImageFramePool.m
› Compiling expo-image Pods/SDWebImage » SDImageIOCoder.m
› Compiling expo-image Pods/SDWebImage » SDImageIOAnimatedCoder.m
› Compiling expo-image Pods/SDWebImage » SDImageFrame.m
› Compiling expo-image Pods/SDWebImage » SDImageCodersManager.m
› Compiling expo-image Pods/SDWebImage » SDImageGIFCoder.m
› Compiling expo-image Pods/SDWebImage » SDImageCoder.m
› Compiling expo-image Pods/SDWebImage » SDImageCachesManagerOperation.m
› Compiling expo-image Pods/SDWebImage » SDImageCoderHelper.m
› Compiling expo-image Pods/SDWebImage » SDImageCachesManager.m
› Compiling expo-image Pods/SDWebImage » SDImageCacheConfig.m
› Compiling expo-image Pods/SDWebImage » SDImageCacheDefine.m
› Compiling expo-image Pods/SDWebImage » SDImageAssetManager.m
› Compiling expo-image Pods/SDWebImage » SDImageCache.m
› Compiling expo-image Pods/SDWebImage » SDImageAWebPCoder.m
› Compiling expo-image Pods/SDWebImage » SDImageAPNGCoder.m
› Compiling expo-image Pods/SDWebImage » SDGraphicsImageRenderer.m
› Compiling expo-image Pods/SDWebImage » SDFileAttributeHelper.m
› Compiling expo-image Pods/SDWebImage » SDDisplayLink.m
› Compiling expo-image Pods/SDWebImage » SDCallbackQueue.m
› Compiling expo-image Pods/SDWebImage » SDDeviceHelper.m
› Compiling expo-image Pods/SDWebImage » SDAsyncBlockOperation.m
› Compiling expo-image Pods/SDWebImage » SDAnimatedImageView+WebCache.m
› Compiling expo-image Pods/SDWebImage » SDAssociatedObject.m
› Compiling expo-image Pods/SDWebImage » SDAnimatedImageView.m
› Compiling expo-image Pods/SDWebImage » SDAnimatedImageRep.m
› Compiling expo-image Pods/SDWebImage » SDDiskCache.m
› Compiling expo-image Pods/SDWebImage » SDAnimatedImagePlayer.m
› Compiling expo-image Pods/SDWebImage » SDAnimatedImage.m
› Compiling expo-image Pods/SDWebImage » NSImage+Compatibility.m
› Compiling expo-image Pods/SDWebImage » NSBezierPath+SDRoundedCorners.m
› Compiling expo-image Pods/SDWebImage » NSData+ImageContentType.m
› Compiling expo-image Pods/SDWebImage » NSButton+WebCache.m
› Executing react-native Pods/React-Core-prebuilt » [CP-User] [RNDeps] Replace React Native Core for the right configuration, if needed
› Packaging Pods/libavif » liblibavif.a
› Packaging expo-image Pods/SDWebImage » libSDWebImage.a
› Packaging expo-image Pods/SDWebImageWebPCoder » libSDWebImageWebPCoder.a
› Packaging expo-image Pods/SDWebImageSVGCoder » libSDWebImageSVGCoder.a
› Packaging expo-image Pods/SDWebImageAVIFCoder » libSDWebImageAVIFCoder.a
› Compiling expo-json-utils Pods/EXJSONUtils » NSDictionary+EXJSONUtils.m
› Compiling expo-json-utils Pods/EXJSONUtils » EXJSONUtils-dummy.m
› Compiling react-native Pods/RCTSwiftUI » RCTSwiftUI-dummy.m
› Compiling expo-dev-menu-interface Pods/expo-dev-menu-interface » expo-dev-menu-interface-dummy.m
› Packaging expo-dev-menu-interface Pods/expo-dev-menu-interface » libexpo-dev-menu-interface.a
› Packaging expo-json-utils Pods/EXJSONUtils » libEXJSONUtils.a
› Executing react-native Pods/React-Core-prebuilt » [CP] Copy XCFrameworks
› Executing expo-dev-menu-interface Pods/expo-dev-menu-interface » Copy generated compatibility header
› Packaging react-native Pods/RCTSwiftUI » libRCTSwiftUI.a
› Executing react-native Pods/RCTSwiftUI » Copy generated compatibility header
› Compiling react-native Pods/RCTSwiftUIWrapper » RCTSwiftUIWrapper-dummy.m
› Compiling react-native Pods/RCTSwiftUIWrapper » RCTSwiftUIContainerViewWrapper.m
› Packaging react-native Pods/RCTSwiftUIWrapper » libRCTSwiftUIWrapper.a
› Executing react-native Pods/React-RCTFBReactNativeSpec » [CP-User] [RN]Check FBReactNativeSpec
› Compiling expo-modules-core Pods/ExpoModulesJSI » TypedArray.cpp
› Compiling expo-modules-core Pods/ExpoModulesJSI » MainThreadInvoker.mm
› Compiling expo-modules-core Pods/ExpoModulesJSI » EXRawJavaScriptFunction.mm
› Compiling expo-modules-core Pods/ExpoModulesJSI » ObjectDeallocator.cpp
› Compiling expo-modules-core Pods/ExpoModulesJSI » MemoryBuffer.cpp
› Compiling expo-modules-core Pods/ExpoModulesJSI » JSIUtils.cpp
› Compiling expo-modules-core Pods/ExpoModulesJSI » EXStringUtils.cpp
› Compiling expo-modules-core Pods/ExpoModulesJSI » EXRawJavaScriptArrayBuffer.mm
› Compiling expo-modules-core Pods/ExpoModulesJSI » EXNativeArrayBuffer.mm
› Compiling expo-modules-core Pods/ExpoModulesJSI » EXJavaScriptWeakObject.mm
› Compiling expo-modules-core Pods/ExpoModulesJSI » ExpoModulesJSI-dummy.m
› Compiling expo-modules-core Pods/ExpoModulesJSI » EXJavaScriptValue.mm
› Compiling expo-modules-core Pods/ExpoModulesJSI » EXJavaScriptTypedArray.mm
› Compiling expo-modules-core Pods/ExpoModulesJSI » EXJavaScriptRuntime.mm
› Compiling expo-modules-core Pods/ExpoModulesJSI » EXJavaScriptObjectBinding.mm
› Compiling expo-modules-core Pods/ExpoModulesJSI » EXJavaScriptObject.mm
› Compiling expo-modules-core Pods/ExpoModulesJSI » EXJSIUtils.mm
› Compiling expo-modules-core Pods/ExpoModulesJSI » EXJSIConversions.mm
› Compiling expo-modules-core Pods/ExpoModulesJSI » EXArrayBuffer.mm
› Compiling @expo/log-box Pods/ExpoLogBox » ExpoRedBoxSwap.mm
› Executing myfinances Pods/ReactCodegen » [CP-User] Generate Specs
› Preparing Pods/expo-dev-menu-EXDevMenu » ResourceBundle-EXDevMenu-expo-dev-menu-Info.plist
› Creating  Pods/expo-dev-menu-EXDevMenu » EXDevMenu.bundle
› Compiling @expo/log-box Pods/ExpoLogBox » ExpoLogBox-dummy.m
› Packaging @expo/log-box Pods/ExpoLogBox » libExpoLogBox.a
› Executing @expo/log-box Pods/ExpoLogBox » Copy generated compatibility header
› Compiling myfinances Pods/ReactCodegen » rnworklets-generated.mm
› Compiling myfinances Pods/ReactCodegen » rnreanimated-generated.mm
› Compiling myfinances Pods/ReactCodegen » States.cpp
› Compiling myfinances Pods/ReactCodegen » rnscreens-generated.mm
› Compiling myfinances Pods/ReactCodegen » States.cpp
› Compiling myfinances Pods/ReactCodegen » States.cpp
› Compiling myfinances Pods/ReactCodegen » safeareacontext-generated.mm
› Compiling myfinances Pods/ReactCodegen » rngesturehandler_codegen-generated.mm
› Compiling myfinances Pods/ReactCodegen » ShadowNodes.cpp
› Compiling myfinances Pods/ReactCodegen » ShadowNodes.cpp
› Compiling myfinances Pods/ReactCodegen » ShadowNodes.cpp
› Compiling myfinances Pods/ReactCodegen » RCTUnstableModulesRequiringMainQueueSetupProvider.mm
› Compiling myfinances Pods/ReactCodegen » RCTThirdPartyComponentsProvider.mm
› Compiling myfinances Pods/ReactCodegen » RCTModulesConformingToProtocolsProvider.mm
› Compiling myfinances Pods/ReactCodegen » RCTModuleProviders.mm
› Packaging expo-modules-core Pods/ExpoModulesJSI » libExpoModulesJSI.a
› Compiling myfinances Pods/ReactCodegen » Props.cpp
› Compiling myfinances Pods/ReactCodegen » Props.cpp
› Compiling myfinances Pods/ReactCodegen » Props.cpp
› Compiling myfinances Pods/ReactCodegen » EventEmitters.cpp
› Compiling myfinances Pods/ReactCodegen » EventEmitters.cpp
› Compiling myfinances Pods/ReactCodegen » EventEmitters.cpp
› Compiling myfinances Pods/ReactCodegen » ComponentDescriptors.cpp
› Compiling myfinances Pods/ReactCodegen » ComponentDescriptors.cpp
› Compiling myfinances Pods/ReactCodegen » ComponentDescriptors.cpp
› Preparing Pods/expo-dev-launcher-EXDevLauncher » ResourceBundle-EXDevLauncher-expo-dev-launcher-Info.plist
› Compiling react-native-safe-area-context Pods/react-native-safe-area-context » RNCSafeAreaViewState.cpp
› Compiling react-native-safe-area-context Pods/react-native-safe-area-context » RNCSafeAreaViewShadowNode.cpp
› Compiling react-native-safe-area-context Pods/react-native-safe-area-context » RNCSafeAreaViewComponentView.mm
› Compiling react-native-safe-area-context Pods/react-native-safe-area-context » RNCSafeAreaProviderComponentView.mm
› Compiling react-native-safe-area-context Pods/react-native-safe-area-context » RNCSafeAreaContext.mm
› Compiling myfinances Pods/ReactCodegen » ReactCodegen-dummy.m
› Compiling react-native-safe-area-context Pods/react-native-safe-area-context » react-native-safe-area-context-dummy.m
› Compiling myfinances Pods/ReactAppDependencyProvider » RCTAppDependencyProvider.mm
› Compiling react-native-worklets Pods/RNWorklets » WorkletsVersion.cpp
› Compiling react-native-worklets Pods/RNWorklets » WorkletsModuleProxy.cpp
› Compiling react-native-worklets Pods/RNWorklets » WorkletsModule.mm
› Compiling react-native-worklets Pods/RNWorklets » WorkletsMessageThread.mm
› Compiling react-native-worklets Pods/RNWorklets » WorkletsJSIUtils.cpp
› Compiling react-native-worklets Pods/RNWorklets » WorkletRuntimeRegistry.cpp
› Compiling react-native-worklets Pods/RNWorklets » WorkletRuntimeDecorator.cpp
› Compiling myfinances Pods/ReactAppDependencyProvider » ReactAppDependencyProvider-dummy.m
› Compiling react-native-worklets Pods/RNWorklets » WorkletRuntime.cpp
› Compiling react-native-worklets Pods/RNWorklets » WorkletHermesRuntime.cpp
› Compiling react-native-worklets Pods/RNWorklets » WorkletEventHandler.cpp
› Compiling react-native-worklets Pods/RNWorklets » VersionUtils.cpp
› Compiling react-native-worklets Pods/RNWorklets » ValueUnpacker.cpp
› Packaging myfinances Pods/ReactCodegen » libReactCodegen.a
› Compiling react-native-worklets Pods/RNWorklets » UIScheduler.cpp
› Compiling react-native-worklets Pods/RNWorklets » UIRuntimeDecorator.cpp
› Compiling react-native-worklets Pods/RNWorklets » SynchronizableUnpacker.cpp
› Compiling react-native-worklets Pods/RNWorklets » SynchronizableAccess.cpp
› Compiling react-native-worklets Pods/RNWorklets » Synchronizable.cpp
› Compiling react-native-worklets Pods/RNWorklets » SlowAnimations.mm
› Compiling react-native-worklets Pods/RNWorklets » Serializable.cpp
› Compiling react-native-worklets Pods/RNWorklets » RuntimeManager.cpp
› Compiling react-native-worklets Pods/RNWorklets » RuntimeData.cpp
› Compiling react-native-worklets Pods/RNWorklets » RNRuntimeWorkletDecorator.cpp
› Compiling react-native-worklets Pods/RNWorklets » PlatformLogger.mm
› Compiling react-native-worklets Pods/RNWorklets » MemoryManager.cpp
› Compiling react-native-worklets Pods/RNWorklets » JSScheduler.cpp
› Compiling react-native-worklets Pods/RNWorklets » JSLogger.cpp
› Compiling react-native-worklets Pods/RNWorklets » JSIWorkletsModuleProxy.cpp
› Compiling react-native-worklets Pods/RNWorklets » JSISerializer.cpp
› Compiling react-native-worklets Pods/RNWorklets » IOSUIScheduler.mm
› Compiling react-native-worklets Pods/RNWorklets » FeatureFlags.cpp
› Compiling react-native-worklets Pods/RNWorklets » EventLoop.cpp
› Compiling react-native-worklets Pods/RNWorklets » EventHandlerRegistry.cpp
› Compiling react-native-worklets Pods/RNWorklets » CustomSerializableUnpacker.cpp
› Compiling react-native-worklets Pods/RNWorklets » AsyncQueueImpl.cpp
› Compiling react-native-worklets Pods/RNWorklets » AnimationFrameQueue.mm
› Compiling react-native-worklets Pods/RNWorklets » AnimationFrameBatchinator.cpp
› Creating  Pods/expo-dev-launcher-EXDevLauncher » EXDevLauncher.bundle
› Compiling react-native-reanimated Pods/RNReanimated » vectors.cpp
› Compiling react-native-reanimated Pods/RNReanimated » translate.cpp
› Compiling react-native-reanimated Pods/RNReanimated » steps.cpp
› Compiling react-native-reanimated Pods/RNReanimated » skew.cpp
› Compiling react-native-reanimated Pods/RNReanimated » scale.cpp
› Compiling react-native-reanimated Pods/RNReanimated » rotate.cpp
› Compiling react-native-reanimated Pods/RNReanimated » props.cpp
› Compiling react-native-reanimated Pods/RNReanimated » perspective.cpp
› Compiling react-native-reanimated Pods/RNReanimated » matrix.cpp
› Compiling react-native-reanimated Pods/RNReanimated » linear.cpp
› Compiling react-native-safe-area-context Pods/react-native-safe-area-context » RNCSafeAreaViewMode.m
› Compiling react-native-safe-area-context Pods/react-native-safe-area-context » RNCSafeAreaViewManager.m
› Compiling react-native-safe-area-context Pods/react-native-safe-area-context » RNCSafeAreaViewLocalData.m
› Compiling react-native-safe-area-context Pods/react-native-safe-area-context » RNCSafeAreaViewEdges.m
› Compiling react-native-safe-area-context Pods/react-native-safe-area-context » RNCSafeAreaViewEdgeMode.m
› Compiling react-native-safe-area-context Pods/react-native-safe-area-context » RNCSafeAreaView.m
› Compiling react-native-safe-area-context Pods/react-native-safe-area-context » RNCSafeAreaUtils.m
› Compiling react-native-safe-area-context Pods/react-native-safe-area-context » RNCSafeAreaShadowView.m
› Compiling react-native-safe-area-context Pods/react-native-safe-area-context » RNCSafeAreaProviderManager.m
› Compiling react-native-safe-area-context Pods/react-native-safe-area-context » RNCSafeAreaProvider.m
› Compiling react-native-safe-area-context Pods/react-native-safe-area-context » RNCOnInsetsChangeEvent.m
› Compiling react-native-reanimated Pods/RNReanimated » interpolators.cpp
› Compiling react-native-reanimated Pods/RNReanimated » cubicBezier.cpp
› Compiling react-native-reanimated Pods/RNReanimated » common.cpp
› Compiling react-native-reanimated Pods/RNReanimated » algorithms.cpp
› Compiling react-native-reanimated Pods/RNReanimated » ViewStylesRepository.cpp
› Compiling react-native-reanimated Pods/RNReanimated » ValueInterpolator.cpp
› Compiling react-native-reanimated Pods/RNReanimated » UpdatesRegistryManager.cpp
› Compiling react-native-reanimated Pods/RNReanimated » UpdatesRegistry.cpp
› Compiling react-native-reanimated Pods/RNReanimated » UIRuntimeDecorator.cpp
› Compiling react-native-reanimated Pods/RNReanimated » TransitionStyleInterpolator.cpp
› Compiling react-native-reanimated Pods/RNReanimated » TransitionProgressProvider.cpp
› Compiling react-native-reanimated Pods/RNReanimated » TransformsStyleInterpolator.cpp
› Compiling react-native-reanimated Pods/RNReanimated » TransformOperationInterpolator.cpp
› Compiling react-native-reanimated Pods/RNReanimated » TransformOperation.cpp
› Compiling react-native-reanimated Pods/RNReanimated » TransformOp.cpp
› Compiling react-native-reanimated Pods/RNReanimated » TransformMatrix3D.cpp
› Compiling react-native-reanimated Pods/RNReanimated » TransformMatrix2D.cpp
› Compiling react-native-reanimated Pods/RNReanimated » TransformMatrix.cpp
› Compiling react-native-reanimated Pods/RNReanimated » StyleOperationInterpolator.cpp
› Compiling react-native-reanimated Pods/RNReanimated » StyleOperation.cpp
› Compiling react-native-reanimated Pods/RNReanimated » StaticPropsRegistry.cpp
› Compiling react-native-reanimated Pods/RNReanimated » SimpleValueInterpolator.cpp
› Compiling react-native-reanimated Pods/RNReanimated » SharedTransitions.cpp
› Compiling react-native-reanimated Pods/RNReanimated » ShadowTreeCloner.cpp
› Compiling react-native-reanimated Pods/RNReanimated » SetGestureState.mm
› Compiling react-native-reanimated Pods/RNReanimated » SVGStrokeDashArray.cpp
› Compiling react-native-reanimated Pods/RNReanimated » SVGLength.cpp
› Compiling react-native-reanimated Pods/RNReanimated » SVGBrush.cpp
› Compiling react-native-reanimated Pods/RNReanimated » ResolvableValueInterpolator.cpp
› Compiling react-native-reanimated Pods/RNReanimated » RecordPropertiesInterpolator.cpp
› Compiling react-native-reanimated Pods/RNReanimated » ReanimatedVersion.cpp
› Compiling react-native-reanimated Pods/RNReanimated » ReanimatedMountHook.cpp
› Compiling react-native-reanimated Pods/RNReanimated » ReanimatedModuleProxySpec.cpp
› Compiling react-native-reanimated Pods/RNReanimated » ReanimatedModuleProxy.cpp
› Compiling react-native-reanimated Pods/RNReanimated » ReanimatedModule.mm
› Compiling react-native-reanimated Pods/RNReanimated » ReanimatedCommitHook.cpp
› Compiling react-native-reanimated Pods/RNReanimated » RawProgressProvider.cpp
› Compiling react-native-reanimated Pods/RNReanimated » RNRuntimeDecorator.cpp
› Compiling react-native-reanimated Pods/RNReanimated » REASlowAnimations.mm
› Compiling react-native-reanimated Pods/RNReanimated » REANodesManager.mm
› Compiling react-native-reanimated Pods/RNReanimated » REAKeyboardEventObserver.mm
› Compiling react-native-reanimated Pods/RNReanimated » Quaternion.cpp
› Compiling react-native-reanimated Pods/RNReanimated » PropsDiffer.cpp
› Compiling react-native-reanimated Pods/RNReanimated » PropertyInterpolator.cpp
› Compiling react-native-reanimated Pods/RNReanimated » PropValueProcessor.cpp
› Compiling react-native-reanimated Pods/RNReanimated » PlatformDepMethodsHolderImpl.mm
› Compiling react-native-reanimated Pods/RNReanimated » OperationsStyleInterpolator.cpp
› Compiling react-native-reanimated Pods/RNReanimated » NativeProxy.mm
› Compiling react-native-reanimated Pods/RNReanimated » LayoutAnimationsUtils.cpp
› Compiling react-native-reanimated Pods/RNReanimated » LayoutAnimationsProxy_Legacy.cpp
› Compiling react-native-reanimated Pods/RNReanimated » LayoutAnimationsProxy_Experimental.cpp
› Compiling react-native-reanimated Pods/RNReanimated » LayoutAnimationsProxyCommon.cpp
› Compiling react-native-reanimated Pods/RNReanimated » LayoutAnimationsManager.cpp
› Compiling react-native-reanimated Pods/RNReanimated » InterpolatorRegistry.cpp
› Compiling react-native-reanimated Pods/RNReanimated » InterpolatorFactory.cpp
› Compiling react-native-reanimated Pods/RNReanimated » GroupPropertiesInterpolator.cpp
› Compiling react-native-reanimated Pods/RNReanimated » FilterStyleInterpolator.cpp
› Compiling react-native-reanimated Pods/RNReanimated » FilterOperationInterpolator.cpp
› Compiling react-native-reanimated Pods/RNReanimated » FilterOperation.cpp
› Compiling react-native-reanimated Pods/RNReanimated » FilterOp.cpp
› Compiling react-native-reanimated Pods/RNReanimated » FeatureFlags.cpp
› Compiling react-native-reanimated Pods/RNReanimated » EasingFunctions.cpp
› Compiling react-native-reanimated Pods/RNReanimated » DelayedItemsManager.cpp
› Compiling react-native-reanimated Pods/RNReanimated » CSSValueVariant.cpp
› Compiling react-native-reanimated Pods/RNReanimated » CSSTransitionsRegistry.cpp
› Compiling react-native-reanimated Pods/RNReanimated » CSSTransitionConfig.cpp
› Compiling react-native-reanimated Pods/RNReanimated » CSSTransition.cpp
› Compiling react-native-reanimated Pods/RNReanimated » CSSNumber.cpp
› Compiling react-native-reanimated Pods/RNReanimated » CSSLength.cpp
› Compiling react-native-reanimated Pods/RNReanimated » CSSKeyword.cpp
› Compiling react-native-reanimated Pods/RNReanimated » CSSKeyframesRegistry.cpp
› Compiling react-native-reanimated Pods/RNReanimated » CSSKeyframesConfig.cpp
› Compiling react-native-reanimated Pods/RNReanimated » CSSDropShadow.cpp
› Compiling react-native-reanimated Pods/RNReanimated » CSSDiscreteArray.cpp
› Compiling react-native-reanimated Pods/RNReanimated » CSSColor.cpp
› Compiling react-native-reanimated Pods/RNReanimated » CSSBoxShadow.cpp
› Compiling react-native-reanimated Pods/RNReanimated » CSSBoolean.cpp
› Compiling react-native-reanimated Pods/RNReanimated » CSSAnimationsRegistry.cpp
› Compiling react-native-reanimated Pods/RNReanimated » CSSAnimationConfig.cpp
› Compiling react-native-reanimated Pods/RNReanimated » CSSAnimation.cpp
› Compiling react-native-reanimated Pods/RNReanimated » CSSAngle.cpp
› Compiling react-native-reanimated Pods/RNReanimated » ArrayPropertiesInterpolator.cpp
› Compiling react-native-reanimated Pods/RNReanimated » AnimationProgressProvider.cpp
› Compiling react-native-reanimated Pods/RNReanimated » AnimatedSensorModule.cpp
› Compiling react-native-reanimated Pods/RNReanimated » AnimatedPropsRegistry.cpp
› Compiling react-native-screens Pods/RNScreens » UIWindow+RNScreens.mm
› Compiling react-native-screens Pods/RNScreens » UIViewController+RNScreens.mm
› Compiling react-native-screens Pods/RNScreens » UIView+RNSUtility.mm
› Compiling react-native-screens Pods/RNScreens » UIScrollView+RNScreens.mm
› Compiling react-native-screens Pods/RNScreens » UINavigationBar+RNSUtility.mm
› Compiling react-native-screens Pods/RNScreens » RNScreensTurboModule.cpp
› Compiling react-native-screens Pods/RNScreens » RNSViewInteractionManager.mm
› Compiling react-native-worklets Pods/RNWorklets » RNWorklets-dummy.m
› Compiling react-native-screens Pods/RNScreens » RNSViewControllerInvalidator.mm
› Compiling react-native-screens Pods/RNScreens » RNSTabsScreenViewController.mm
› Compiling react-native-screens Pods/RNScreens » RNSTabBarControllerDelegate.mm
› Compiling react-native-screens Pods/RNScreens » RNSTabBarController.mm
› Compiling react-native-screens Pods/RNScreens » RNSTabBarAppearanceCoordinator.mm
› Compiling react-native-screens Pods/RNScreens » RNSStackScreenComponentViewManager.mm
› Compiling react-native-screens Pods/RNScreens » RNSStackScreenComponentView.mm
› Compiling react-native-screens Pods/RNScreens » RNSStackScreenComponentEventEmitter.mm
› Compiling react-native-screens Pods/RNScreens » RNSStackHostComponentViewManager.mm
› Compiling react-native-screens Pods/RNScreens » RNSStackHostComponentView.mm
› Compiling react-native-screens Pods/RNScreens » RNSSplitViewScreenShadowStateProxy.mm
› Compiling react-native-screens Pods/RNScreens » RNSSplitViewScreenShadowNode.cpp
› Compiling react-native-screens Pods/RNScreens » RNSSplitViewScreenComponentViewManager.mm
› Compiling react-native-screens Pods/RNScreens » RNSSplitViewScreenComponentView.mm
› Compiling react-native-screens Pods/RNScreens » RNSSplitViewScreenComponentEventEmitter.mm
› Compiling react-native-screens Pods/RNScreens » RNSSplitViewHostComponentViewManager.mm
› Compiling react-native-screens Pods/RNScreens » RNSSplitViewHostComponentView.mm
› Compiling react-native-screens Pods/RNScreens » RNSSplitViewHostComponentEventEmitter.mm
› Compiling react-native-screens Pods/RNScreens » RNSSearchBar.mm
› Compiling react-native-screens Pods/RNScreens » RNSScrollViewHelper.mm
› Compiling react-native-screens Pods/RNScreens » RNSScrollViewFinder.mm
› Compiling react-native-screens Pods/RNScreens » RNSScrollEdgeEffectApplicator.mm
› Compiling react-native-screens Pods/RNScreens » RNSScreenWindowTraits.mm
› Compiling react-native-screens Pods/RNScreens » RNSScreenViewEvent.mm
› Compiling react-native-screens Pods/RNScreens » RNSScreenState.cpp
› Compiling react-native-screens Pods/RNScreens » RNSScreenStackHeaderSubviewState.cpp
› Compiling react-native-screens Pods/RNScreens » RNSScreenStackHeaderSubviewShadowNode.cpp
› Compiling react-native-screens Pods/RNScreens » RNSScreenStackHeaderSubview.mm
› Compiling react-native-screens Pods/RNScreens » RNSScreenStackHeaderConfigState.cpp
› Compiling react-native-screens Pods/RNScreens » RNSScreenStackHeaderConfigShadowNode.cpp
› Compiling react-native-screens Pods/RNScreens » RNSScreenStackHeaderConfig.mm
› Compiling react-native-screens Pods/RNScreens » RNSScreenStackAnimator.mm
› Compiling react-native-screens Pods/RNScreens » RNSScreenStack.mm
› Compiling react-native-screens Pods/RNScreens » RNSScreenShadowNodeCommitHook.cpp
› Compiling react-native-screens Pods/RNScreens » RNSScreenShadowNode.cpp
› Compiling react-native-screens Pods/RNScreens » RNSScreenRemovalListener.cpp
› Compiling react-native-screens Pods/RNScreens » RNSScreenNavigationContainer.mm
› Compiling react-native-screens Pods/RNScreens » RNSScreenFooter.mm
› Compiling react-native-screens Pods/RNScreens » RNSScreenContentWrapper.mm
› Compiling react-native-screens Pods/RNScreens » RNSScreenContainer.mm
› Compiling react-native-screens Pods/RNScreens » RNSScreen.mm
› Compiling react-native-screens Pods/RNScreens » RNSSafeAreaViewState.cpp
› Compiling react-native-screens Pods/RNScreens » RNSSafeAreaViewShadowView.mm
› Compiling react-native-screens Pods/RNScreens » RNSSafeAreaViewShadowNode.cpp
› Compiling react-native-screens Pods/RNScreens » RNSSafeAreaViewManager.mm
› Compiling react-native-screens Pods/RNScreens » RNSSafeAreaViewLocalData.mm
› Compiling react-native-screens Pods/RNScreens » RNSSafeAreaViewEdges.mm
› Compiling react-native-screens Pods/RNScreens » RNSSafeAreaViewComponentView.mm
› Compiling react-native-screens Pods/RNScreens » RNSReactBaseView.mm
› Compiling react-native-screens Pods/RNScreens » RNSPercentDrivenInteractiveTransition.mm
› Compiling react-native-screens Pods/RNScreens » RNSModule.mm
› Compiling react-native-screens Pods/RNScreens » RNSModalScreenShadowNode.cpp
› Compiling react-native-screens Pods/RNScreens » RNSModalScreen.mm
› Compiling react-native-screens Pods/RNScreens » RNSInvalidatedComponentsRegistry.mm
› Compiling react-native-screens Pods/RNScreens » RNSImageLoadingHelper.mm
› Compiling react-native-screens Pods/RNScreens » RNSHeaderHeightChangeEvent.mm
› Compiling react-native-screens Pods/RNScreens » RNSFullWindowOverlayShadowNode.cpp
› Compiling react-native-screens Pods/RNScreens » RNSFullWindowOverlay.mm
› Compiling react-native-screens Pods/RNScreens » RNSConvert.mm
› Compiling react-native-screens Pods/RNScreens » RNSConversions.mm
› Compiling react-native-screens Pods/RNScreens » RNSConversions-Stack.mm
› Compiling react-native-screens Pods/RNScreens » RNSConversions-SplitView.mm
› Compiling react-native-screens Pods/RNScreens » RNSConversions-Fabric.mm
› Compiling react-native-screens Pods/RNScreens » RNSConversions-BottomTabs.mm
› Compiling react-native-screens Pods/RNScreens » RNSBottomTabsState.cpp
› Compiling react-native-screens Pods/RNScreens » RNSBottomTabsShadowNode.cpp
› Compiling react-native-screens Pods/RNScreens » RNSBottomTabsScreenEventEmitter.mm
› Compiling react-native-screens Pods/RNScreens » RNSBottomTabsScreenComponentViewManager.mm
› Compiling react-native-screens Pods/RNScreens » RNSBottomTabsScreenComponentView.mm
› Compiling react-native-screens Pods/RNScreens » RNSBottomTabsHostEventEmitter.mm
› Compiling react-native-screens Pods/RNScreens » RNSBottomTabsHostComponentViewManager.mm
› Compiling react-native-screens Pods/RNScreens » RNSBottomTabsHostComponentView.mm
› Compiling react-native-screens Pods/RNScreens » RNSBottomTabsHostComponentView+RNSImageLoader.mm
› Compiling react-native-screens Pods/RNScreens » RNSBottomTabsAccessoryShadowStateProxy.mm
› Compiling react-native-screens Pods/RNScreens » RNSBottomTabsAccessoryShadowNode.cpp
› Compiling react-native-screens Pods/RNScreens » RNSBottomTabsAccessoryEventEmitter.mm
› Compiling react-native-screens Pods/RNScreens » RNSBottomTabsAccessoryContentComponentView.mm
› Compiling react-native-screens Pods/RNScreens » RNSBottomTabsAccessoryComponentViewManager.mm
› Compiling react-native-screens Pods/RNScreens » RNSBottomTabsAccessoryComponentView.mm
› Compiling react-native-screens Pods/RNScreens » RNSBottomAccessoryHelper.mm
› Compiling react-native-screens Pods/RNScreens » RNSBarButtonItem.mm
› Compiling react-native-screens Pods/RNScreens » RNSBackBarButtonItem.mm
› Compiling react-native-screens Pods/RNScreens » RCTTouchHandler+RNSUtility.mm
› Compiling react-native-screens Pods/RNScreens » RCTSurfaceTouchHandler+RNSUtility.mm
› Compiling react-native-screens Pods/RNScreens » RCTImageComponentView+RNSScreenStackHeaderConfig.mm
› Compiling react-native-screens Pods/RNScreens » RCTConvert+RNScreens.mm
› Compiling react-native-screens Pods/RNScreens » RCTConvert+RNSBottomTabs.mm
› Compiling react-native-screens Pods/RNScreens » NSString+RNSUtility.mm
› Compiling react-native-gesture-handler Pods/RNGestureHandler » RNNativeViewHandler.mm
› Compiling react-native-gesture-handler Pods/RNGestureHandler » RNGestureHandlerRootViewComponentView.mm
› Compiling react-native-gesture-handler Pods/RNGestureHandler » RNGestureHandlerModule.mm
› Compiling react-native-gesture-handler Pods/RNGestureHandler » RNGestureHandlerManager.mm
› Compiling react-native-gesture-handler Pods/RNGestureHandler » RNGestureHandlerButtonManager.mm
› Compiling react-native-gesture-handler Pods/RNGestureHandler » RNGestureHandlerButtonComponentView.mm
› Compiling react-native-gesture-handler Pods/RNGestureHandler » RNGestureHandlerButton.mm
› Compiling react-native-gesture-handler Pods/RNGestureHandler » RNGestureHandler.mm
› Compiling react-native-screens Pods/RNScreens » RNScreens-dummy.m
› Packaging react-native-safe-area-context Pods/react-native-safe-area-context » libreact-native-safe-area-context.a
› Packaging myfinances Pods/ReactAppDependencyProvider » libReactAppDependencyProvider.a
› Packaging react-native-worklets Pods/RNWorklets » libRNWorklets.a
› Packaging react-native-screens Pods/RNScreens » libRNScreens.a
› Executing react-native-screens Pods/RNScreens » Copy generated compatibility header
› Compiling react-native-reanimated Pods/RNReanimated » ReanimatedSensorContainer.m
› Compiling react-native-reanimated Pods/RNReanimated » ReanimatedSensor.m
› Compiling react-native-reanimated Pods/RNReanimated » RCTUIView+Reanimated.m
› Compiling react-native-reanimated Pods/RNReanimated » RNReanimated-dummy.m
› Packaging react-native-reanimated Pods/RNReanimated » libRNReanimated.a
› Compiling react-native-gesture-handler Pods/RNGestureHandler » RNGestureHandlerRegistry.m
› Compiling react-native-gesture-handler Pods/RNGestureHandler » RNGestureHandlerPointerTracker.m
› Compiling react-native-gesture-handler Pods/RNGestureHandler » RNGestureHandlerEvents.m
› Compiling react-native-gesture-handler Pods/RNGestureHandler » RNGHVector.m
› Compiling react-native-gesture-handler Pods/RNGestureHandler » RNHoverHandler.m
› Compiling react-native-gesture-handler Pods/RNGestureHandler » RNGHStylusData.m
› Compiling react-native-gesture-handler Pods/RNGestureHandler » RNForceTouchHandler.m
› Compiling react-native-gesture-handler Pods/RNGestureHandler » RNTapHandler.m
› Compiling react-native-gesture-handler Pods/RNGestureHandler » RNRotationHandler.m
› Compiling react-native-gesture-handler Pods/RNGestureHandler » RNRootViewGestureRecognizer.m
› Compiling react-native-gesture-handler Pods/RNGestureHandler » RNPinchHandler.m
› Compiling react-native-gesture-handler Pods/RNGestureHandler » RNPanHandler.m
› Compiling react-native-gesture-handler Pods/RNGestureHandler » RNManualHandler.m
› Compiling react-native-gesture-handler Pods/RNGestureHandler » RNManualActivationRecognizer.m
› Compiling react-native-gesture-handler Pods/RNGestureHandler » RNLongPressHandler.m
› Compiling react-native-gesture-handler Pods/RNGestureHandler » RNFlingHandler.m
› Compiling react-native-gesture-handler Pods/RNGestureHandler » RNGestureHandler-dummy.m
› Packaging react-native-gesture-handler Pods/RNGestureHandler » libRNGestureHandler.a
› Compiling expo-modules-core Pods/ExpoModulesCore » WorkletRuntimeFactory.mm
› Compiling expo-modules-core Pods/ExpoModulesCore » WorkletJSCallInvoker.cpp
› Compiling expo-modules-core Pods/ExpoModulesCore » WorkletExecutor.mm
› Compiling expo-modules-core Pods/ExpoModulesCore » SwiftUIVirtualViewObjC.mm
› Compiling expo-modules-core Pods/ExpoModulesCore » SharedRef.cpp
› Compiling expo-modules-core Pods/ExpoModulesCore » SharedObject.cpp
› Compiling expo-modules-core Pods/ExpoModulesCore » SerializableExtractor.mm
› Compiling expo-modules-core Pods/ExpoModulesCore » NativeModule.cpp
› Compiling expo-modules-core Pods/ExpoModulesCore » LazyObject.cpp
› Compiling expo-modules-core Pods/ExpoModulesCore » ExpoViewShadowNode.cpp
› Compiling expo-modules-core Pods/ExpoModulesCore » ExpoViewProps.cpp
› Compiling expo-modules-core Pods/ExpoModulesCore » ExpoViewEventEmitter.cpp
› Compiling expo-modules-core Pods/ExpoModulesCore » ExpoViewComponentDescriptor.cpp
› Compiling expo-modules-core Pods/ExpoModulesCore » ExpoModulesHostObject.mm
› Compiling expo-modules-core Pods/ExpoModulesCore » ExpoFabricViewObjC.mm
› Compiling expo-modules-core Pods/ExpoModulesCore » ExpoBridgeModule.mm
› Compiling expo-modules-core Pods/ExpoModulesCore » EventEmitter.cpp
› Compiling expo-modules-core Pods/ExpoModulesCore » EXWorkletRuntime.mm
› Compiling expo-modules-core Pods/ExpoModulesCore » EXSharedObjectUtils.mm
› Compiling expo-modules-core Pods/ExpoModulesCore » EXRuntime.mm
› Compiling expo-modules-core Pods/ExpoModulesCore » EXReactNativeAdapter.mm
› Compiling expo-modules-core Pods/ExpoModulesCore » EXReactDelegateWrapper.mm
› Compiling expo-modules-core Pods/ExpoModulesCore » EXNativeModulesProxy.mm
› Compiling expo-modules-core Pods/ExpoModulesCore » EXJavaScriptSerializable.mm
› Compiling expo-modules-core Pods/ExpoModulesCore » EXJSUtils.mm
› Compiling expo-modules-core Pods/ExpoModulesCore » EXJSIInstaller.mm
› Compiling expo-modules-core Pods/ExpoModulesCore » EXHostWrapper.mm
› Compiling expo-modules-core Pods/ExpoModulesCore » EXModuleRegistryAdapter.m
› Compiling expo-modules-core Pods/ExpoModulesCore » EXExportedModule.m
› Compiling expo-modules-core Pods/ExpoModulesCore » EXImageLoader.m
› Compiling expo-modules-core Pods/ExpoModulesCore » EXModuleRegistry.m
› Compiling expo-modules-core Pods/ExpoModulesCore » EXAppDefines.m
› Compiling expo-modules-core Pods/ExpoModulesCore » EXUtilities.m
› Compiling expo-modules-core Pods/ExpoModulesCore » EXReactNativeUserNotificationCenterProxy.m
› Compiling expo-modules-core Pods/ExpoModulesCore » EXSingletonModule.m
› Compiling expo-modules-core Pods/ExpoModulesCore » EXPermissionsService.m
› Compiling expo-modules-core Pods/ExpoModulesCore » EXPermissionsMethodsDelegate.m
› Compiling expo-modules-core Pods/ExpoModulesCore » EXModuleRegistryProvider.m
› Compiling expo-modules-core Pods/ExpoModulesCore » EXModuleRegistryHolderReactModule.m
› Compiling expo-modules-core Pods/ExpoModulesCore » EXAppContextFactoryRegistry.m
› Compiling expo-modules-core Pods/ExpoModulesCore » ExpoModulesCore-dummy.m
› Compiling expo-modules-core Pods/ExpoModulesCore » CoreModuleHelper.m
› Packaging expo-modules-core Pods/ExpoModulesCore » libExpoModulesCore.a
› Executing expo-modules-core Pods/ExpoModulesCore » Copy generated compatibility header
› Compiling expo-web-browser Pods/ExpoWebBrowser » ExpoWebBrowser-dummy.m
› Compiling expo-system-ui Pods/ExpoSystemUI » ExpoSystemUI-dummy.m
› Compiling expo-symbols Pods/ExpoSymbols » ExpoSymbols-dummy.m
› Compiling expo Pods/Expo » ExpoReactNativeFactory.mm
› Compiling expo-splash-screen Pods/ExpoSplashScreen » ExpoSplashScreen-dummy.m
› Compiling expo Pods/Expo » EXReactRootViewFactory.mm
› Compiling expo-linking Pods/ExpoLinking » ExpoLinking-dummy.m
› Compiling expo-router Pods/ExpoRouter » ExpoRouter-dummy.m
› Compiling expo-keep-awake Pods/ExpoKeepAwake » ExpoKeepAwake-dummy.m
› Compiling expo-image Pods/ExpoImage » ExpoImage-dummy.m
› Compiling expo-sqlite Pods/ExpoSQLite » sqlite3.c
› Compiling expo-file-system Pods/ExpoFileSystem » EXSessionHandler.m
› Compiling expo-file-system Pods/ExpoFileSystem » ExpoFileSystem-dummy.m
› Compiling expo-file-system Pods/ExpoFileSystem » EXTaskHandlersManager.m
› Compiling expo-file-system Pods/ExpoFileSystem » EXSessionUploadTaskDelegate.m
› Compiling expo-file-system Pods/ExpoFileSystem » NSData+EXFileSystem.m
› Compiling expo-file-system Pods/ExpoFileSystem » EXSessionTaskDispatcher.m
› Compiling expo-file-system Pods/ExpoFileSystem » EXSessionDownloadTaskDelegate.m
› Compiling expo-file-system Pods/ExpoFileSystem » EXSessionTaskDelegate.m
› Compiling expo-file-system Pods/ExpoFileSystem » EXSessionResumableDownloadTaskDelegate.m
› Compiling expo-file-system Pods/ExpoFileSystem » EXSessionCancelableUploadTaskDelegate.m
› Compiling expo-device Pods/ExpoDevice » ExpoDevice-dummy.m
› Compiling expo-updates-interface Pods/EXUpdatesInterface » noop-file.m
› Compiling @expo/dom-webview Pods/ExpoDomWebView » ExpoDomWebView-dummy.m
› Compiling expo Pods/Expo » Expo-dummy.m
› Compiling expo-updates-interface Pods/EXUpdatesInterface » EXUpdatesInterface-dummy.m
› Packaging expo-web-browser Pods/ExpoWebBrowser » libExpoWebBrowser.a
› Packaging expo-system-ui Pods/ExpoSystemUI » libExpoSystemUI.a
› Packaging expo-symbols Pods/ExpoSymbols » libExpoSymbols.a
› Packaging expo-splash-screen Pods/ExpoSplashScreen » libExpoSplashScreen.a
› Packaging expo-router Pods/ExpoRouter » libExpoRouter.a
› Packaging expo-linking Pods/ExpoLinking » libExpoLinking.a
› Packaging expo-keep-awake Pods/ExpoKeepAwake » libExpoKeepAwake.a
› Packaging expo-image Pods/ExpoImage » libExpoImage.a
› Compiling expo-file-system Pods/ExpoFileSystem » EXFileSystemLocalFileHandler.m
› Compiling expo-file-system Pods/ExpoFileSystem » EXFileSystemAssetLibraryHandler.m
› Packaging @expo/dom-webview Pods/ExpoDomWebView » libExpoDomWebView.a
› Compiling expo-glass-effect Pods/ExpoGlassEffect » ExpoGlassEffect-dummy.m
› Packaging expo-device Pods/ExpoDevice » libExpoDevice.a
› Compiling expo-manifests Pods/EXManifests » EXManifests-dummy.m
› Packaging expo-updates-interface Pods/EXUpdatesInterface » libEXUpdatesInterface.a
› Executing expo-constants Pods/EXConstants » [CP-User] Generate app.config for prebuilt Constants.manifest
› Executing expo-web-browser Pods/ExpoWebBrowser » Copy generated compatibility header
› Executing expo-system-ui Pods/ExpoSystemUI » Copy generated compatibility header
› Executing expo-symbols Pods/ExpoSymbols » Copy generated compatibility header
› Executing expo-splash-screen Pods/ExpoSplashScreen » Copy generated compatibility header
› Executing expo-router Pods/ExpoRouter » Copy generated compatibility header
› Executing expo-linking Pods/ExpoLinking » Copy generated compatibility header
› Executing expo-keep-awake Pods/ExpoKeepAwake » Copy generated compatibility header
› Executing expo-image Pods/ExpoImage » Copy generated compatibility header
› Packaging expo-glass-effect Pods/ExpoGlassEffect » libExpoGlassEffect.a
› Packaging expo-file-system Pods/ExpoFileSystem » libExpoFileSystem.a
› Executing @expo/dom-webview Pods/ExpoDomWebView » Copy generated compatibility header
› Executing expo-device Pods/ExpoDevice » Copy generated compatibility header
› Executing expo-updates-interface Pods/EXUpdatesInterface » Copy generated compatibility header
› Packaging expo-manifests Pods/EXManifests » libEXManifests.a
› Compiling expo-sqlite Pods/ExpoSQLite » ExpoSQLite-dummy.m
› Compiling expo-font Pods/ExpoFont » ExpoFont-dummy.m
› Compiling expo-asset Pods/ExpoAsset » ExpoAsset-dummy.m
› Packaging expo-sqlite Pods/ExpoSQLite » libExpoSQLite.a
› Packaging expo-font Pods/ExpoFont » libExpoFont.a
› Packaging expo-asset Pods/ExpoAsset » libExpoAsset.a
› Executing expo-sqlite Pods/ExpoSQLite » Copy generated compatibility header
› Executing expo-glass-effect Pods/ExpoGlassEffect » Copy generated compatibility header
› Executing expo-font Pods/ExpoFont » Copy generated compatibility header
› Executing expo-file-system Pods/ExpoFileSystem » Copy generated compatibility header
› Executing expo-asset Pods/ExpoAsset » Copy generated compatibility header
› Executing expo-manifests Pods/EXManifests » Copy generated compatibility header
› Compiling expo Pods/Expo » EXLegacyAppDelegateWrapper.m
› Compiling expo Pods/Expo » EXAppDefinesLoader.m
› Compiling expo Pods/Expo » EXAppDelegatesLoader.m
› Packaging expo Pods/Expo » libExpo.a
› Executing expo Pods/Expo » Copy generated compatibility header
› Compiling expo-constants Pods/EXConstants » EXConstantsInstallationIdProvider.m
› Compiling expo-constants Pods/EXConstants » EXConstantsService.m
› Compiling expo-constants Pods/EXConstants » EXConstants-dummy.m
› Packaging expo-constants Pods/EXConstants » libEXConstants.a
› Executing expo-constants Pods/EXConstants » Copy generated compatibility header
› Compiling expo-dev-menu Pods/expo-dev-menu » RCTKeyCommands.m
› Compiling expo-dev-menu Pods/expo-dev-menu » expo-dev-menu-dummy.m
› Compiling expo-dev-menu Pods/expo-dev-menu » EXDevMenuAppInfo.m
› Packaging expo-dev-menu Pods/expo-dev-menu » libexpo-dev-menu.a
› Executing expo-dev-menu Pods/expo-dev-menu » Copy generated compatibility header
› Compiling expo-dev-launcher Pods/expo-dev-launcher » RCTPackagerConnection+EXDevLauncherPackagerConnectionInterceptor.m
› Compiling expo-dev-launcher Pods/expo-dev-launcher » EXDevLauncherRCTDevSettings.m
› Compiling expo-dev-launcher Pods/expo-dev-launcher » EXDevLauncherUpdatesHelper.m
› Compiling expo-dev-launcher Pods/expo-dev-launcher » EXDevLauncherEarlySetup.m
› Compiling expo-dev-launcher Pods/expo-dev-launcher » expo-dev-launcher-dummy.m
› Compiling expo-dev-launcher Pods/expo-dev-launcher » EXDevLauncher.m
› Compiling expo-dev-launcher Pods/expo-dev-launcher » EXDevLauncherManifestParser.m
› Compiling expo-dev-launcher Pods/expo-dev-launcher » EXDevLauncherRedBox.m
› Compiling expo-dev-launcher Pods/expo-dev-launcher » EXDevLauncherController.m
› Packaging expo-dev-launcher Pods/expo-dev-launcher » libexpo-dev-launcher.a
› Executing expo-dev-launcher Pods/expo-dev-launcher » Copy generated compatibility header
› Compiling Pods/Pods-MyFinances » Pods-MyFinances-dummy.m
› Packaging Pods/Pods-MyFinances » libPods-MyFinances.a
› Executing MyFinances » [CP] Check Pods Manifest.lock
› Executing MyFinances » [Expo] Configure project
› Copying   ../Library/Developer/Xcode/DerivedData/MyFinances-fchdrnexyqwqjpavehatfilnxlrs/Build/Products/Debug-iphonesimulator/MyFinances.app/PrivacyInfo.xcprivacy ➜ ios/MyFinances/PrivacyInfo.xcprivacy
› Copying   ios/MyFinances/Supporting/Expo.plist ➜ ./Expo.plist
› Linking   MyFinances » __preview.dylib
› Compiling MyFinances » SplashScreen.storyboard
› Preparing MyFinances » Info.plist
› Compiling MyFinances » MyFinances_vers.c
› Linking   MyFinances » MyFinances.debug.dylib
⚠️  ld: ignoring duplicate libraries: '-lc++'
› Generating debug MyFinances » MyFinances.app.dSYM
› Linking   MyFinances » MyFinances
› Generating debug MyFinances » MyFinances.app.dSYM
› Executing MyFinances » Bundle React Native code and images
› Executing MyFinances » [CP] Copy Pods Resources
› Executing MyFinances » [Expo Dev Launcher] Strip Local Network Keys for Release
› Executing MyFinances » [CP] Embed Pods Frameworks
› Signing   MyFinances » MyFinances.debug.dylib
› Signing   MyFinances » __preview.dylib
› Signing   MyFinances » MyFinances.app
› Creating  MyFinances » MyFinances.app
⚠️  Script has ambiguous dependencies causing it to run on every build.
   To fix, go to: Xcode » MyFinances/MyFinances » Build Phases » '[Expo Dev Launcher] Strip Local Network Keys for Release'
   Either: Uncheck "Based on dependency analysis", or select output files to trigger the script

⚠️  Pods/SDWebImage-SDWebImage: iOS@9.0 deployment version mismatch, expected >= 2.0 <= 26.2.99
› Build Succeeded

› 0 error(s), and 3 warning(s)

Waiting on http://localhost:8081
› Installing /Users/dinklerolls/Library/Developer/Xcode/DerivedData/MyFinances-fchdrnexyqwqjpavehatfilnxlrs/Build/Products/Debug-iphonesimulator/MyFinances.app
› Installing on iPhone 16e
› Opening on iPhone 16e (com.myfinances.app)
› Opening exp+myfinances://expo-development-client/?url=http%3A%2F%2F192.168.68.85%3A8081 on iPhone 16e
› Opening the iOS simulator, this might take a moment.
